0 silly argv { _: [ 'bootstrap' ], lernaVersion: '4.0.0', '$0': 'lerna' }
1 notice cli v4.0.0
2 verbose rootPath /Users/lightwind/Desktop/lerna
3 silly npmConfig {
3 silly npmConfig   registry: undefined,
3 silly npmConfig   npmClient: 'npm',
3 silly npmConfig   npmClientArgs: [],
3 silly npmConfig   mutex: undefined
3 silly npmConfig }
4 info Bootstrapping 3 packages
5 verbose lifecycle preinstall
6 silly lifecycle No script for "preinstall" in "sten-components", continuing
7 silly lifecycle No script for "preinstall" in "sten-icons", continuing
8 silly lifecycle No script for "preinstall" in "sten-themes", continuing
9 silly hasDependencyInstalled sten-components @types/jest
10 silly hasDependencyInstalled sten-components jest
11 silly hasDependencyInstalled sten-components jest-cli
12 silly hasDependencyInstalled sten-components puppeteer
13 silly hasDependencyInstalled sten-components @stencil/core
14 silly root dependencies {}
15 silly leaf dependencies {}
16 info Installing external dependencies
17 verbose actions 1 actions, concurrency 8
18 silly npmInstallDependencies sten-components [
18 silly npmInstallDependencies   '@types/jest@^27.0.3',
18 silly npmInstallDependencies   'jest@^27.4.5',
18 silly npmInstallDependencies   'jest-cli@^27.4.5',
18 silly npmInstallDependencies   'puppeteer@^10.0.0',
18 silly npmInstallDependencies   '@stencil/core@^2.13.0'
18 silly npmInstallDependencies ]
19 silly npmInstallDependencies backup /Users/lightwind/Desktop/lerna/packages/sten-components/package.json
20 error
